2023-08-02 21:10:35.838 INFO  [background-preinit] o.h.validator.internal.util.Version - HV000001: Hibernate Validator 8.0.0.Final
2023-08-02 21:10:35.910 INFO  [restartedMain] c.example.carrent.CarRentApplication - Starting CarRentApplication using Java 17.0.6 with PID 12768 (C:\Users\user\springboot3\CarRent\target\classes started by user in C:\Users\user\springboot3\CarRent)
2023-08-02 21:10:35.910 INFO  [restartedMain] c.example.carrent.CarRentApplication - No active profile set, falling back to 1 default profile: "default"
2023-08-02 21:10:35.953 WARN  [restartedMain] o.s.c.a.AnnotationTypeMapping - Support for convention-based annotation attribute overrides is deprecated and will be removed in Spring Framework 6.1. Please annotate the following attributes in @org.springframework.retry.annotation.EnableRetry with appropriate @AliasFor declarations: [proxyTargetClass]
2023-08-02 21:10:35.972 INFO  [restartedMain] o.s.b.d.e.DevToolsPropertyDefaultsPostProcessor - Devtools property defaults active! Set 'spring.devtools.add-properties' to 'false' to disable
2023-08-02 21:10:35.972 INFO  [restartedMain] o.s.b.d.e.DevToolsPropertyDefaultsPostProcessor - For additional web related logging consider setting the 'logging.level.web' property to 'DEBUG'
2023-08-02 21:10:36.872 INFO  [restartedMain] o.s.d.r.c.RepositoryConfigurationDelegate - Multiple Spring Data modules found, entering strict repository configuration mode
2023-08-02 21:10:36.874 INFO  [restartedMain] o.s.d.r.c.RepositoryConfigurationDelegate - Bootstrapping Spring Data Elasticsearch repositories in DEFAULT mode.
2023-08-02 21:10:36.929 INFO  [restartedMain] o.s.d.r.c.RepositoryConfigurationDelegate - Finished Spring Data repository scanning in 48 ms. Found 1 Elasticsearch repository interfaces.
2023-08-02 21:10:36.934 INFO  [restartedMain] o.s.d.r.c.RepositoryConfigurationDelegate - Multiple Spring Data modules found, entering strict repository configuration mode
2023-08-02 21:10:36.934 INFO  [restartedMain] o.s.d.r.c.RepositoryConfigurationDelegate - Bootstrapping Spring Data Reactive Elasticsearch repositories in DEFAULT mode.
2023-08-02 21:10:36.936 INFO  [restartedMain] o.s.d.r.c.RepositoryConfigurationDelegate - Finished Spring Data repository scanning in 1 ms. Found 0 Reactive Elasticsearch repository interfaces.
2023-08-02 21:10:36.943 INFO  [restartedMain] o.s.d.r.c.RepositoryConfigurationDelegate - Multiple Spring Data modules found, entering strict repository configuration mode
2023-08-02 21:10:36.943 INFO  [restartedMain] o.s.d.r.c.RepositoryConfigurationDelegate - Bootstrapping Spring Data JPA repositories in DEFAULT mode.
2023-08-02 21:10:36.953 INFO  [restartedMain] o.s.d.r.c.RepositoryConfigurationDelegate - Finished Spring Data repository scanning in 7 ms. Found 1 JPA repository interfaces.
2023-08-02 21:10:37.454 INFO  [restartedMain] o.s.b.w.e.tomcat.TomcatWebServer - Tomcat initialized with port(s): 8085 (http)
2023-08-02 21:10:37.461 INFO  [restartedMain] o.a.coyote.http11.Http11NioProtocol - Initializing ProtocolHandler ["http-nio-8085"]
2023-08-02 21:10:37.461 INFO  [restartedMain] o.a.catalina.core.StandardService - Starting service [Tomcat]
2023-08-02 21:10:37.462 INFO  [restartedMain] o.a.catalina.core.StandardEngine - Starting Servlet engine: [Apache Tomcat/10.1.7]
2023-08-02 21:10:37.517 INFO  [restartedMain] o.a.c.c.C.[Tomcat].[localhost].[/] - Initializing Spring embedded WebApplicationContext
2023-08-02 21:10:37.518 INFO  [restartedMain] o.s.b.w.s.c.ServletWebServerApplicationContext - Root WebApplicationContext: initialization completed in 1546 ms
2023-08-02 21:10:37.710 INFO  [restartedMain] o.h.jpa.internal.util.LogHelper - HHH000204: Processing PersistenceUnitInfo [name: default]
2023-08-02 21:10:37.755 INFO  [restartedMain] org.hibernate.Version - HHH000412: Hibernate ORM core version 6.1.7.Final
2023-08-02 21:10:37.990 INFO  [restartedMain] com.zaxxer.hikari.HikariDataSource - HikariPool-1 - Starting...
2023-08-02 21:10:38.123 INFO  [restartedMain] com.zaxxer.hikari.pool.HikariPool - HikariPool-1 - Added connection com.mysql.cj.jdbc.ConnectionImpl@21f17528
2023-08-02 21:10:38.125 INFO  [restartedMain] com.zaxxer.hikari.HikariDataSource - HikariPool-1 - Start completed.
2023-08-02 21:10:38.139 INFO  [restartedMain] SQL dialect - HHH000400: Using dialect: org.hibernate.dialect.MySQL8Dialect
2023-08-02 21:10:38.140 WARN  [restartedMain] org.hibernate.orm.deprecation - HHH90000026: MySQL8Dialect has been deprecated; use org.hibernate.dialect.MySQLDialect instead
2023-08-02 21:10:38.861 INFO  [restartedMain] o.h.e.t.j.p.i.JtaPlatformInitiator - HHH000490: Using JtaPlatform implementation: [org.hibernate.engine.transaction.jta.platform.internal.NoJtaPlatform]
2023-08-02 21:10:38.871 INFO  [restartedMain] o.s.o.j.LocalContainerEntityManagerFactoryBean - Initialized JPA EntityManagerFactory for persistence unit 'default'
2023-08-02 21:10:39.439 WARN  [restartedMain] o.s.b.a.o.j.JpaBaseConfiguration$JpaWebConfiguration - spring.jpa.open-in-view is enabled by default. Therefore, database queries may be performed during view rendering. Explicitly configure spring.jpa.open-in-view to disable this warning
2023-08-02 21:10:39.920 INFO  [restartedMain] o.s.b.d.a.OptionalLiveReloadServer - LiveReload server is running on port 35729
2023-08-02 21:10:40.012 INFO  [restartedMain] o.s.b.a.e.web.EndpointLinksResolver - Exposing 1 endpoint(s) beneath base path '/actuator'
2023-08-02 21:10:40.077 INFO  [restartedMain] o.a.coyote.http11.Http11NioProtocol - Starting ProtocolHandler ["http-nio-8085"]
2023-08-02 21:10:40.090 INFO  [restartedMain] o.s.b.w.e.tomcat.TomcatWebServer - Tomcat started on port(s): 8085 (http) with context path ''
2023-08-02 21:10:40.108 INFO  [restartedMain] c.example.carrent.CarRentApplication - Started CarRentApplication in 4.57 seconds (process running for 5.312)
2023-08-02 21:10:40.607 INFO  [RMI TCP Connection(5)-192.168.56.1] o.a.c.c.C.[Tomcat].[localhost].[/] - Initializing Spring DispatcherServlet 'dispatcherServlet'
2023-08-02 21:10:40.608 INFO  [RMI TCP Connection(5)-192.168.56.1] o.s.web.servlet.DispatcherServlet - Initializing Servlet 'dispatcherServlet'
2023-08-02 21:10:40.609 INFO  [RMI TCP Connection(5)-192.168.56.1] o.s.web.servlet.DispatcherServlet - Completed initialization in 1 ms
2023-08-02 21:10:42.894 INFO  [http-nio-8085-exec-1] c.example.carrent.CarRentApplication - Notification: Car #752 added successfully
2023-08-02 21:15:38.991 INFO  [http-nio-8085-exec-2] c.example.carrent.CarRentApplication - Notification: Car #753 added successfully
2023-08-02 21:18:17.508 ERROR [http-nio-8085-exec-6] o.a.c.c.C.[.[.[.[dispatcherServlet] - Servlet.service() for servlet [dispatcherServlet] in context with path [] threw exception [Request processing failed: co.elastic.clients.elasticsearch._types.ElasticsearchException: [es/get] failed: [index_not_found_exception] no such index [cars]] with root cause
co.elastic.clients.elasticsearch._types.ElasticsearchException: [es/get] failed: [index_not_found_exception] no such index [cars]
	at co.elastic.clients.transport.rest_client.RestClientTransport.getHighLevelResponse(RestClientTransport.java:282)
	at co.elastic.clients.transport.rest_client.RestClientTransport.performRequest(RestClientTransport.java:148)
	at co.elastic.clients.elasticsearch.ElasticsearchClient.get(ElasticsearchClient.java:831)
	at co.elastic.clients.elasticsearch.ElasticsearchClient.get(ElasticsearchClient.java:847)
	at com.example.carrent.repository.ElasticSearchQuery.rentCar(ElasticSearchQuery.java:79)
	at java.base/jdk.internal.reflect.NativeMethodAccessorImpl.invoke0(Native Method)
	at java.base/jdk.internal.reflect.NativeMethodAccessorImpl.invoke(NativeMethodAccessorImpl.java:77)
	at java.base/jdk.internal.reflect.DelegatingMethodAccessorImpl.invoke(DelegatingMethodAccessorImpl.java:43)
	at java.base/java.lang.reflect.Method.invoke(Method.java:568)
	at org.springframework.aop.support.AopUtils.invokeJoinpointUsingReflection(AopUtils.java:343)
	at org.springframework.aop.framework.ReflectiveMethodInvocation.invokeJoinpoint(ReflectiveMethodInvocation.java:196)
	at org.springframework.aop.framework.ReflectiveMethodInvocation.proceed(ReflectiveMethodInvocation.java:163)
	at org.springframework.aop.framework.CglibAopProxy$CglibMethodInvocation.proceed(CglibAopProxy.java:750)
	at org.springframework.dao.support.PersistenceExceptionTranslationInterceptor.invoke(PersistenceExceptionTranslationInterceptor.java:137)
	at org.springframework.aop.framework.ReflectiveMethodInvocation.proceed(ReflectiveMethodInvocation.java:184)
	at org.springframework.aop.framework.CglibAopProxy$CglibMethodInvocation.proceed(CglibAopProxy.java:750)
	at org.springframework.aop.framework.CglibAopProxy$DynamicAdvisedInterceptor.intercept(CglibAopProxy.java:702)
	at com.example.carrent.repository.ElasticSearchQuery$$SpringCGLIB$$0.rentCar(<generated>)
	at com.example.carrent.controller.CarController.rent(CarController.java:66)
	at java.base/jdk.internal.reflect.NativeMethodAccessorImpl.invoke0(Native Method)
	at java.base/jdk.internal.reflect.NativeMethodAccessorImpl.invoke(NativeMethodAccessorImpl.java:77)
	at java.base/jdk.internal.reflect.DelegatingMethodAccessorImpl.invoke(DelegatingMethodAccessorImpl.java:43)
	at java.base/java.lang.reflect.Method.invoke(Method.java:568)
	at org.springframework.web.method.support.InvocableHandlerMethod.doInvoke(InvocableHandlerMethod.java:207)
	at org.springframework.web.method.support.InvocableHandlerMethod.invokeForRequest(InvocableHandlerMethod.java:152)
	at org.springframework.web.servlet.mvc.method.annotation.ServletInvocableHandlerMethod.invokeAndHandle(ServletInvocableHandlerMethod.java:118)
	at org.springframework.web.servlet.mvc.method.annotation.RequestMappingHandlerAdapter.invokeHandlerMethod(RequestMappingHandlerAdapter.java:884)
	at org.springframework.web.servlet.mvc.method.annotation.RequestMappingHandlerAdapter.handleInternal(RequestMappingHandlerAdapter.java:797)
	at org.springframework.web.servlet.mvc.method.AbstractHandlerMethodAdapter.handle(AbstractHandlerMethodAdapter.java:87)
	at org.springframework.web.servlet.DispatcherServlet.doDispatch(DispatcherServlet.java:1081)
	at org.springframework.web.servlet.DispatcherServlet.doService(DispatcherServlet.java:974)
	at org.springframework.web.servlet.FrameworkServlet.processRequest(FrameworkServlet.java:1011)
	at org.springframework.web.servlet.FrameworkServlet.service(FrameworkServlet.java:888)
	at jakarta.servlet.http.HttpServlet.service(HttpServlet.java:631)
	at org.apache.catalina.core.ApplicationFilterChain.internalDoFilter(ApplicationFilterChain.java:205)
	at org.apache.catalina.core.ApplicationFilterChain.doFilter(ApplicationFilterChain.java:149)
	at org.apache.tomcat.websocket.server.WsFilter.doFilter(WsFilter.java:53)
	at org.apache.catalina.core.ApplicationFilterChain.internalDoFilter(ApplicationFilterChain.java:174)
	at org.apache.catalina.core.ApplicationFilterChain.doFilter(ApplicationFilterChain.java:149)
	at org.springframework.web.filter.RequestContextFilter.doFilterInternal(RequestContextFilter.java:100)
	at org.springframework.web.filter.OncePerRequestFilter.doFilter(OncePerRequestFilter.java:116)
	at org.apache.catalina.core.ApplicationFilterChain.internalDoFilter(ApplicationFilterChain.java:174)
	at org.apache.catalina.core.ApplicationFilterChain.doFilter(ApplicationFilterChain.java:149)
	at org.springframework.web.filter.FormContentFilter.doFilterInternal(FormContentFilter.java:93)
	at org.springframework.web.filter.OncePerRequestFilter.doFilter(OncePerRequestFilter.java:116)
	at org.apache.catalina.core.ApplicationFilterChain.internalDoFilter(ApplicationFilterChain.java:174)
	at org.apache.catalina.core.ApplicationFilterChain.doFilter(ApplicationFilterChain.java:149)
	at org.springframework.web.filter.ServerHttpObservationFilter.doFilterInternal(ServerHttpObservationFilter.java:109)
	at org.springframework.web.filter.OncePerRequestFilter.doFilter(OncePerRequestFilter.java:116)
	at org.apache.catalina.core.ApplicationFilterChain.internalDoFilter(ApplicationFilterChain.java:174)
	at org.apache.catalina.core.ApplicationFilterChain.doFilter(ApplicationFilterChain.java:149)
	at org.springframework.web.filter.CharacterEncodingFilter.doFilterInternal(CharacterEncodingFilter.java:201)
	at org.springframework.web.filter.OncePerRequestFilter.doFilter(OncePerRequestFilter.java:116)
	at org.apache.catalina.core.ApplicationFilterChain.internalDoFilter(ApplicationFilterChain.java:174)
	at org.apache.catalina.core.ApplicationFilterChain.doFilter(ApplicationFilterChain.java:149)
	at org.apache.catalina.core.StandardWrapperValve.invoke(StandardWrapperValve.java:166)
	at org.apache.catalina.core.StandardContextValve.invoke(StandardContextValve.java:90)
	at org.apache.catalina.authenticator.AuthenticatorBase.invoke(AuthenticatorBase.java:493)
	at org.apache.catalina.core.StandardHostValve.invoke(StandardHostValve.java:115)
	at org.apache.catalina.valves.ErrorReportValve.invoke(ErrorReportValve.java:93)
	at org.apache.catalina.core.StandardEngineValve.invoke(StandardEngineValve.java:74)
	at org.apache.catalina.connector.CoyoteAdapter.service(CoyoteAdapter.java:341)
	at org.apache.coyote.http11.Http11Processor.service(Http11Processor.java:390)
	at org.apache.coyote.AbstractProcessorLight.process(AbstractProcessorLight.java:63)
	at org.apache.coyote.AbstractProtocol$ConnectionHandler.process(AbstractProtocol.java:894)
	at org.apache.tomcat.util.net.NioEndpoint$SocketProcessor.doRun(NioEndpoint.java:1741)
	at org.apache.tomcat.util.net.SocketProcessorBase.run(SocketProcessorBase.java:52)
	at org.apache.tomcat.util.threads.ThreadPoolExecutor.runWorker(ThreadPoolExecutor.java:1191)
	at org.apache.tomcat.util.threads.ThreadPoolExecutor$Worker.run(ThreadPoolExecutor.java:659)
	at org.apache.tomcat.util.threads.TaskThread$WrappingRunnable.run(TaskThread.java:61)
	at java.base/java.lang.Thread.run(Thread.java:833)
2023-08-02 21:18:42.537 INFO  [http-nio-8085-exec-3] c.example.carrent.CarRentApplication - Notification: Car #753 rented until Sun Oct 29 02:00:00 IST 2023
2023-08-02 21:18:55.882 ERROR [http-nio-8085-exec-4] o.a.c.c.C.[.[.[.[dispatcherServlet] - Servlet.service() for servlet [dispatcherServlet] in context with path [] threw exception [Request processing failed: co.elastic.clients.json.JsonpMappingException: Error deserializing co.elastic.clients.elasticsearch.core.search.Hit: jakarta.json.JsonException: Jackson exception (JSON path: hits.hits[2]._source) (line no=1, column no=2584, offset=-1)] with root cause
com.fasterxml.jackson.databind.exc.InvalidFormatException: Cannot deserialize value of type `java.util.Date` from String "Sun Oct 29 02:00:00 IST 2023": not a valid representation (error: Failed to parse Date value 'Sun Oct 29 02:00:00 IST 2023': Cannot parse date "Sun Oct 29 02:00:00 IST 2023": not compatible with any of standard forms ("yyyy-MM-dd'T'HH:mm:ss.SSSX", "yyyy-MM-dd'T'HH:mm:ss.SSS", "EEE, dd MMM yyyy HH:mm:ss zzz", "yyyy-MM-dd"))
 at [Source: (org.apache.http.nio.entity.ContentInputStream); line: 1, column: 2554] (through reference chain: com.example.carrent.model.Notification["rentEndDate"])
	at com.fasterxml.jackson.databind.exc.InvalidFormatException.from(InvalidFormatException.java:67)
	at com.fasterxml.jackson.databind.DeserializationContext.weirdStringException(DeserializationContext.java:1996)
	at com.fasterxml.jackson.databind.DeserializationContext.handleWeirdStringValue(DeserializationContext.java:1224)
	at com.fasterxml.jackson.databind.deser.std.StdDeserializer._parseDate(StdDeserializer.java:1362)
	at com.fasterxml.jackson.databind.deser.std.StdDeserializer._parseDate(StdDeserializer.java:1304)
	at com.fasterxml.jackson.databind.deser.std.DateDeserializers$DateBasedDeserializer._parseDate(DateDeserializers.java:201)
	at com.fasterxml.jackson.databind.deser.std.DateDeserializers$DateDeserializer.deserialize(DateDeserializers.java:303)
	at com.fasterxml.jackson.databind.deser.std.DateDeserializers$DateDeserializer.deserialize(DateDeserializers.java:281)
	at com.fasterxml.jackson.databind.deser.impl.MethodProperty.deserializeAndSet(MethodProperty.java:129)
	at com.fasterxml.jackson.databind.deser.BeanDeserializer.vanillaDeserialize(BeanDeserializer.java:314)
	at com.fasterxml.jackson.databind.deser.BeanDeserializer.deserialize(BeanDeserializer.java:177)
	at com.fasterxml.jackson.databind.deser.DefaultDeserializationContext.readRootValue(DefaultDeserializationContext.java:323)
	at com.fasterxml.jackson.databind.ObjectMapper._readValue(ObjectMapper.java:4706)
	at com.fasterxml.jackson.databind.ObjectMapper.readValue(ObjectMapper.java:2879)
	at co.elastic.clients.json.jackson.JacksonJsonpMapper$JacksonValueParser.deserialize(JacksonJsonpMapper.java:123)
	at co.elastic.clients.json.JsonpDeserializer.deserialize(JsonpDeserializer.java:76)
	at co.elastic.clients.json.JsonpMapperBase.deserialize(JsonpMapperBase.java:70)
	at co.elastic.clients.json.JsonpDeserializer$1.deserialize(JsonpDeserializer.java:99)
	at co.elastic.clients.json.NamedDeserializer.deserialize(NamedDeserializer.java:64)
	at co.elastic.clients.json.ObjectDeserializer$FieldObjectDeserializer.deserialize(ObjectDeserializer.java:78)
	at co.elastic.clients.json.ObjectDeserializer.deserialize(ObjectDeserializer.java:192)
	at co.elastic.clients.json.ObjectDeserializer.deserialize(ObjectDeserializer.java:148)
	at co.elastic.clients.json.ObjectBuilderDeserializer.deserialize(ObjectBuilderDeserializer.java:85)
	at co.elastic.clients.json.JsonpDeserializerBase$ArrayDeserializer.deserialize(JsonpDeserializerBase.java:318)
	at co.elastic.clients.json.JsonpDeserializerBase$ArrayDeserializer.deserialize(JsonpDeserializerBase.java:280)
	at co.elastic.clients.json.JsonpDeserializer.deserialize(JsonpDeserializer.java:76)
	at co.elastic.clients.json.ObjectDeserializer$FieldObjectDeserializer.deserialize(ObjectDeserializer.java:78)
	at co.elastic.clients.json.ObjectDeserializer.deserialize(ObjectDeserializer.java:192)
	at co.elastic.clients.json.ObjectDeserializer.deserialize(ObjectDeserializer.java:148)
	at co.elastic.clients.json.JsonpDeserializer.deserialize(JsonpDeserializer.java:76)
	at co.elastic.clients.json.ObjectBuilderDeserializer.deserialize(ObjectBuilderDeserializer.java:79)
	at co.elastic.clients.json.ObjectDeserializer$FieldObjectDeserializer.deserialize(ObjectDeserializer.java:78)
	at co.elastic.clients.json.ObjectDeserializer.deserialize(ObjectDeserializer.java:192)
	at co.elastic.clients.json.ObjectDeserializer.deserialize(ObjectDeserializer.java:148)
	at co.elastic.clients.json.JsonpDeserializer.deserialize(JsonpDeserializer.java:76)
	at co.elastic.clients.json.ObjectBuilderDeserializer.deserialize(ObjectBuilderDeserializer.java:79)
	at co.elastic.clients.json.DelegatingDeserializer$SameType.deserialize(DelegatingDeserializer.java:43)
	at co.elastic.clients.json.DelegatingDeserializer$SameType.deserialize(DelegatingDeserializer.java:43)
	at co.elastic.clients.transport.endpoints.EndpointWithResponseMapperAttr$1.deserialize(EndpointWithResponseMapperAttr.java:56)
	at co.elastic.clients.transport.rest_client.RestClientTransport.decodeResponse(RestClientTransport.java:325)
	at co.elastic.clients.transport.rest_client.RestClientTransport.getHighLevelResponse(RestClientTransport.java:295)
	at co.elastic.clients.transport.rest_client.RestClientTransport.performRequest(RestClientTransport.java:148)
	at co.elastic.clients.elasticsearch.ElasticsearchClient.search(ElasticsearchClient.java:1518)
	at com.example.carrent.repository.ElasticSearchQuery.getAllNotifications(ElasticSearchQuery.java:99)
	at java.base/jdk.internal.reflect.NativeMethodAccessorImpl.invoke0(Native Method)
	at java.base/jdk.internal.reflect.NativeMethodAccessorImpl.invoke(NativeMethodAccessorImpl.java:77)
	at java.base/jdk.internal.reflect.DelegatingMethodAccessorImpl.invoke(DelegatingMethodAccessorImpl.java:43)
	at java.base/java.lang.reflect.Method.invoke(Method.java:568)
	at org.springframework.aop.support.AopUtils.invokeJoinpointUsingReflection(AopUtils.java:343)
	at org.springframework.aop.framework.ReflectiveMethodInvocation.invokeJoinpoint(ReflectiveMethodInvocation.java:196)
	at org.springframework.aop.framework.ReflectiveMethodInvocation.proceed(ReflectiveMethodInvocation.java:163)
	at org.springframework.aop.framework.CglibAopProxy$CglibMethodInvocation.proceed(CglibAopProxy.java:750)
	at org.springframework.dao.support.PersistenceExceptionTranslationInterceptor.invoke(PersistenceExceptionTranslationInterceptor.java:137)
	at org.springframework.aop.framework.ReflectiveMethodInvocation.proceed(ReflectiveMethodInvocation.java:184)
	at org.springframework.aop.framework.CglibAopProxy$CglibMethodInvocation.proceed(CglibAopProxy.java:750)
	at org.springframework.aop.framework.CglibAopProxy$DynamicAdvisedInterceptor.intercept(CglibAopProxy.java:702)
	at com.example.carrent.repository.ElasticSearchQuery$$SpringCGLIB$$0.getAllNotifications(<generated>)
	at com.example.carrent.controller.CarController.getNotifications(CarController.java:84)
	at java.base/jdk.internal.reflect.NativeMethodAccessorImpl.invoke0(Native Method)
	at java.base/jdk.internal.reflect.NativeMethodAccessorImpl.invoke(NativeMethodAccessorImpl.java:77)
	at java.base/jdk.internal.reflect.DelegatingMethodAccessorImpl.invoke(DelegatingMethodAccessorImpl.java:43)
	at java.base/java.lang.reflect.Method.invoke(Method.java:568)
	at org.springframework.web.method.support.InvocableHandlerMethod.doInvoke(InvocableHandlerMethod.java:207)
	at org.springframework.web.method.support.InvocableHandlerMethod.invokeForRequest(InvocableHandlerMethod.java:152)
	at org.springframework.web.servlet.mvc.method.annotation.ServletInvocableHandlerMethod.invokeAndHandle(ServletInvocableHandlerMethod.java:118)
	at org.springframework.web.servlet.mvc.method.annotation.RequestMappingHandlerAdapter.invokeHandlerMethod(RequestMappingHandlerAdapter.java:884)
	at org.springframework.web.servlet.mvc.method.annotation.RequestMappingHandlerAdapter.handleInternal(RequestMappingHandlerAdapter.java:797)
	at org.springframework.web.servlet.mvc.method.AbstractHandlerMethodAdapter.handle(AbstractHandlerMethodAdapter.java:87)
	at org.springframework.web.servlet.DispatcherServlet.doDispatch(DispatcherServlet.java:1081)
	at org.springframework.web.servlet.DispatcherServlet.doService(DispatcherServlet.java:974)
	at org.springframework.web.servlet.FrameworkServlet.processRequest(FrameworkServlet.java:1011)
	at org.springframework.web.servlet.FrameworkServlet.doGet(FrameworkServlet.java:903)
	at jakarta.servlet.http.HttpServlet.service(HttpServlet.java:537)
	at org.springframework.web.servlet.FrameworkServlet.service(FrameworkServlet.java:885)
	at jakarta.servlet.http.HttpServlet.service(HttpServlet.java:631)
	at org.apache.catalina.core.ApplicationFilterChain.internalDoFilter(ApplicationFilterChain.java:205)
	at org.apache.catalina.core.ApplicationFilterChain.doFilter(ApplicationFilterChain.java:149)
	at org.apache.tomcat.websocket.server.WsFilter.doFilter(WsFilter.java:53)
	at org.apache.catalina.core.ApplicationFilterChain.internalDoFilter(ApplicationFilterChain.java:174)
	at org.apache.catalina.core.ApplicationFilterChain.doFilter(ApplicationFilterChain.java:149)
	at org.springframework.web.filter.RequestContextFilter.doFilterInternal(RequestContextFilter.java:100)
	at org.springframework.web.filter.OncePerRequestFilter.doFilter(OncePerRequestFilter.java:116)
	at org.apache.catalina.core.ApplicationFilterChain.internalDoFilter(ApplicationFilterChain.java:174)
	at org.apache.catalina.core.ApplicationFilterChain.doFilter(ApplicationFilterChain.java:149)
	at org.springframework.web.filter.FormContentFilter.doFilterInternal(FormContentFilter.java:93)
	at org.springframework.web.filter.OncePerRequestFilter.doFilter(OncePerRequestFilter.java:116)
	at org.apache.catalina.core.ApplicationFilterChain.internalDoFilter(ApplicationFilterChain.java:174)
	at org.apache.catalina.core.ApplicationFilterChain.doFilter(ApplicationFilterChain.java:149)
	at org.springframework.web.filter.ServerHttpObservationFilter.doFilterInternal(ServerHttpObservationFilter.java:109)
	at org.springframework.web.filter.OncePerRequestFilter.doFilter(OncePerRequestFilter.java:116)
	at org.apache.catalina.core.ApplicationFilterChain.internalDoFilter(ApplicationFilterChain.java:174)
	at org.apache.catalina.core.ApplicationFilterChain.doFilter(ApplicationFilterChain.java:149)
	at org.springframework.web.filter.CharacterEncodingFilter.doFilterInternal(CharacterEncodingFilter.java:201)
	at org.springframework.web.filter.OncePerRequestFilter.doFilter(OncePerRequestFilter.java:116)
	at org.apache.catalina.core.ApplicationFilterChain.internalDoFilter(ApplicationFilterChain.java:174)
	at org.apache.catalina.core.ApplicationFilterChain.doFilter(ApplicationFilterChain.java:149)
	at org.apache.catalina.core.StandardWrapperValve.invoke(StandardWrapperValve.java:166)
	at org.apache.catalina.core.StandardContextValve.invoke(StandardContextValve.java:90)
	at org.apache.catalina.authenticator.AuthenticatorBase.invoke(AuthenticatorBase.java:493)
	at org.apache.catalina.core.StandardHostValve.invoke(StandardHostValve.java:115)
	at org.apache.catalina.valves.ErrorReportValve.invoke(ErrorReportValve.java:93)
	at org.apache.catalina.core.StandardEngineValve.invoke(StandardEngineValve.java:74)
	at org.apache.catalina.connector.CoyoteAdapter.service(CoyoteAdapter.java:341)
	at org.apache.coyote.http11.Http11Processor.service(Http11Processor.java:390)
	at org.apache.coyote.AbstractProcessorLight.process(AbstractProcessorLight.java:63)
	at org.apache.coyote.AbstractProtocol$ConnectionHandler.process(AbstractProtocol.java:894)
	at org.apache.tomcat.util.net.NioEndpoint$SocketProcessor.doRun(NioEndpoint.java:1741)
	at org.apache.tomcat.util.net.SocketProcessorBase.run(SocketProcessorBase.java:52)
	at org.apache.tomcat.util.threads.ThreadPoolExecutor.runWorker(ThreadPoolExecutor.java:1191)
	at org.apache.tomcat.util.threads.ThreadPoolExecutor$Worker.run(ThreadPoolExecutor.java:659)
	at org.apache.tomcat.util.threads.TaskThread$WrappingRunnable.run(TaskThread.java:61)
	at java.base/java.lang.Thread.run(Thread.java:833)
2023-08-02 21:19:52.694 INFO  [SpringApplicationShutdownHook] o.s.o.j.LocalContainerEntityManagerFactoryBean - Closing JPA EntityManagerFactory for persistence unit 'default'
2023-08-02 21:19:52.697 INFO  [SpringApplicationShutdownHook] com.zaxxer.hikari.HikariDataSource - HikariPool-1 - Shutdown initiated...
2023-08-02 21:19:52.705 INFO  [SpringApplicationShutdownHook] com.zaxxer.hikari.HikariDataSource - HikariPool-1 - Shutdown completed.
2023-08-02 21:19:59.327 INFO  [background-preinit] o.h.validator.internal.util.Version - HV000001: Hibernate Validator 8.0.0.Final
2023-08-02 21:19:59.384 INFO  [restartedMain] c.example.carrent.CarRentApplication - Starting CarRentApplication using Java 17.0.6 with PID 9992 (C:\Users\user\springboot3\CarRent\target\classes started by user in C:\Users\user\springboot3\CarRent)
2023-08-02 21:19:59.385 INFO  [restartedMain] c.example.carrent.CarRentApplication - No active profile set, falling back to 1 default profile: "default"
2023-08-02 21:19:59.425 WARN  [restartedMain] o.s.c.a.AnnotationTypeMapping - Support for convention-based annotation attribute overrides is deprecated and will be removed in Spring Framework 6.1. Please annotate the following attributes in @org.springframework.retry.annotation.EnableRetry with appropriate @AliasFor declarations: [proxyTargetClass]
2023-08-02 21:19:59.439 INFO  [restartedMain] o.s.b.d.e.DevToolsPropertyDefaultsPostProcessor - Devtools property defaults active! Set 'spring.devtools.add-properties' to 'false' to disable
2023-08-02 21:19:59.440 INFO  [restartedMain] o.s.b.d.e.DevToolsPropertyDefaultsPostProcessor - For additional web related logging consider setting the 'logging.level.web' property to 'DEBUG'
2023-08-02 21:20:00.449 INFO  [restartedMain] o.s.d.r.c.RepositoryConfigurationDelegate - Multiple Spring Data modules found, entering strict repository configuration mode
2023-08-02 21:20:00.450 INFO  [restartedMain] o.s.d.r.c.RepositoryConfigurationDelegate - Bootstrapping Spring Data Elasticsearch repositories in DEFAULT mode.
2023-08-02 21:20:00.501 INFO  [restartedMain] o.s.d.r.c.RepositoryConfigurationDelegate - Finished Spring Data repository scanning in 47 ms. Found 1 Elasticsearch repository interfaces.
2023-08-02 21:20:00.507 INFO  [restartedMain] o.s.d.r.c.RepositoryConfigurationDelegate - Multiple Spring Data modules found, entering strict repository configuration mode
2023-08-02 21:20:00.507 INFO  [restartedMain] o.s.d.r.c.RepositoryConfigurationDelegate - Bootstrapping Spring Data Reactive Elasticsearch repositories in DEFAULT mode.
2023-08-02 21:20:00.509 INFO  [restartedMain] o.s.d.r.c.RepositoryConfigurationDelegate - Finished Spring Data repository scanning in 2 ms. Found 0 Reactive Elasticsearch repository interfaces.
2023-08-02 21:20:00.517 INFO  [restartedMain] o.s.d.r.c.RepositoryConfigurationDelegate - Multiple Spring Data modules found, entering strict repository configuration mode
2023-08-02 21:20:00.517 INFO  [restartedMain] o.s.d.r.c.RepositoryConfigurationDelegate - Bootstrapping Spring Data JPA repositories in DEFAULT mode.
2023-08-02 21:20:00.528 INFO  [restartedMain] o.s.d.r.c.RepositoryConfigurationDelegate - Finished Spring Data repository scanning in 7 ms. Found 1 JPA repository interfaces.
2023-08-02 21:20:01.121 INFO  [restartedMain] o.s.b.w.e.tomcat.TomcatWebServer - Tomcat initialized with port(s): 8085 (http)
2023-08-02 21:20:01.129 INFO  [restartedMain] o.a.coyote.http11.Http11NioProtocol - Initializing ProtocolHandler ["http-nio-8085"]
2023-08-02 21:20:01.129 INFO  [restartedMain] o.a.catalina.core.StandardService - Starting service [Tomcat]
2023-08-02 21:20:01.130 INFO  [restartedMain] o.a.catalina.core.StandardEngine - Starting Servlet engine: [Apache Tomcat/10.1.7]
2023-08-02 21:20:01.190 INFO  [restartedMain] o.a.c.c.C.[Tomcat].[localhost].[/] - Initializing Spring embedded WebApplicationContext
2023-08-02 21:20:01.191 INFO  [restartedMain] o.s.b.w.s.c.ServletWebServerApplicationContext - Root WebApplicationContext: initialization completed in 1751 ms
2023-08-02 21:20:01.411 INFO  [restartedMain] o.h.jpa.internal.util.LogHelper - HHH000204: Processing PersistenceUnitInfo [name: default]
2023-08-02 21:20:01.465 INFO  [restartedMain] org.hibernate.Version - HHH000412: Hibernate ORM core version 6.1.7.Final
2023-08-02 21:20:01.751 INFO  [restartedMain] com.zaxxer.hikari.HikariDataSource - HikariPool-1 - Starting...
2023-08-02 21:20:01.906 INFO  [restartedMain] com.zaxxer.hikari.pool.HikariPool - HikariPool-1 - Added connection com.mysql.cj.jdbc.ConnectionImpl@2b3ee443
2023-08-02 21:20:01.907 INFO  [restartedMain] com.zaxxer.hikari.HikariDataSource - HikariPool-1 - Start completed.
2023-08-02 21:20:01.924 INFO  [restartedMain] SQL dialect - HHH000400: Using dialect: org.hibernate.dialect.MySQL8Dialect
2023-08-02 21:20:01.926 WARN  [restartedMain] org.hibernate.orm.deprecation - HHH90000026: MySQL8Dialect has been deprecated; use org.hibernate.dialect.MySQLDialect instead
2023-08-02 21:20:02.732 INFO  [restartedMain] o.h.e.t.j.p.i.JtaPlatformInitiator - HHH000490: Using JtaPlatform implementation: [org.hibernate.engine.transaction.jta.platform.internal.NoJtaPlatform]
2023-08-02 21:20:02.744 INFO  [restartedMain] o.s.o.j.LocalContainerEntityManagerFactoryBean - Initialized JPA EntityManagerFactory for persistence unit 'default'
2023-08-02 21:20:03.358 WARN  [restartedMain] o.s.b.a.o.j.JpaBaseConfiguration$JpaWebConfiguration - spring.jpa.open-in-view is enabled by default. Therefore, database queries may be performed during view rendering. Explicitly configure spring.jpa.open-in-view to disable this warning
2023-08-02 21:20:03.919 INFO  [restartedMain] o.s.b.d.a.OptionalLiveReloadServer - LiveReload server is running on port 35729
2023-08-02 21:20:04.006 INFO  [restartedMain] o.s.b.a.e.web.EndpointLinksResolver - Exposing 1 endpoint(s) beneath base path '/actuator'
2023-08-02 21:20:04.066 INFO  [restartedMain] o.a.coyote.http11.Http11NioProtocol - Starting ProtocolHandler ["http-nio-8085"]
2023-08-02 21:20:04.076 INFO  [restartedMain] o.s.b.w.e.tomcat.TomcatWebServer - Tomcat started on port(s): 8085 (http) with context path ''
2023-08-02 21:20:04.089 INFO  [restartedMain] c.example.carrent.CarRentApplication - Started CarRentApplication in 5.065 seconds (process running for 5.935)
2023-08-02 21:20:04.751 INFO  [RMI TCP Connection(5)-192.168.56.1] o.a.c.c.C.[Tomcat].[localhost].[/] - Initializing Spring DispatcherServlet 'dispatcherServlet'
2023-08-02 21:20:04.752 INFO  [RMI TCP Connection(5)-192.168.56.1] o.s.web.servlet.DispatcherServlet - Initializing Servlet 'dispatcherServlet'
2023-08-02 21:20:04.753 INFO  [RMI TCP Connection(5)-192.168.56.1] o.s.web.servlet.DispatcherServlet - Completed initialization in 1 ms
2023-08-02 21:21:13.494 INFO  [http-nio-8085-exec-3] c.example.carrent.CarRentApplication - Notification: Car #802 added successfully
2023-08-02 21:21:43.158 INFO  [http-nio-8085-exec-4] c.example.carrent.CarRentApplication - Notification: Car #802 rented until Sun Oct 29 02:00:00 IST 2023
2023-08-02 21:30:32.433 INFO  [SpringApplicationShutdownHook] o.s.o.j.LocalContainerEntityManagerFactoryBean - Closing JPA EntityManagerFactory for persistence unit 'default'
2023-08-02 21:30:32.437 INFO  [SpringApplicationShutdownHook] com.zaxxer.hikari.HikariDataSource - HikariPool-1 - Shutdown initiated...
2023-08-02 21:30:32.445 INFO  [SpringApplicationShutdownHook] com.zaxxer.hikari.HikariDataSource - HikariPool-1 - Shutdown completed.
2023-08-02 21:30:37.353 INFO  [background-preinit] o.h.validator.internal.util.Version - HV000001: Hibernate Validator 8.0.0.Final
2023-08-02 21:30:37.405 INFO  [restartedMain] c.example.carrent.CarRentApplication - Starting CarRentApplication using Java 17.0.6 with PID 20860 (C:\Users\user\springboot3\CarRent\target\classes started by user in C:\Users\user\springboot3\CarRent)
2023-08-02 21:30:37.406 INFO  [restartedMain] c.example.carrent.CarRentApplication - No active profile set, falling back to 1 default profile: "default"
2023-08-02 21:30:37.447 WARN  [restartedMain] o.s.c.a.AnnotationTypeMapping - Support for convention-based annotation attribute overrides is deprecated and will be removed in Spring Framework 6.1. Please annotate the following attributes in @org.springframework.retry.annotation.EnableRetry with appropriate @AliasFor declarations: [proxyTargetClass]
2023-08-02 21:30:37.461 INFO  [restartedMain] o.s.b.d.e.DevToolsPropertyDefaultsPostProcessor - Devtools property defaults active! Set 'spring.devtools.add-properties' to 'false' to disable
2023-08-02 21:30:37.461 INFO  [restartedMain] o.s.b.d.e.DevToolsPropertyDefaultsPostProcessor - For additional web related logging consider setting the 'logging.level.web' property to 'DEBUG'
2023-08-02 21:30:38.446 INFO  [restartedMain] o.s.d.r.c.RepositoryConfigurationDelegate - Multiple Spring Data modules found, entering strict repository configuration mode
2023-08-02 21:30:38.447 INFO  [restartedMain] o.s.d.r.c.RepositoryConfigurationDelegate - Bootstrapping Spring Data Elasticsearch repositories in DEFAULT mode.
2023-08-02 21:30:38.496 INFO  [restartedMain] o.s.d.r.c.RepositoryConfigurationDelegate - Finished Spring Data repository scanning in 45 ms. Found 1 Elasticsearch repository interfaces.
2023-08-02 21:30:38.500 INFO  [restartedMain] o.s.d.r.c.RepositoryConfigurationDelegate - Multiple Spring Data modules found, entering strict repository configuration mode
2023-08-02 21:30:38.501 INFO  [restartedMain] o.s.d.r.c.RepositoryConfigurationDelegate - Bootstrapping Spring Data Reactive Elasticsearch repositories in DEFAULT mode.
2023-08-02 21:30:38.503 INFO  [restartedMain] o.s.d.r.c.RepositoryConfigurationDelegate - Finished Spring Data repository scanning in 1 ms. Found 0 Reactive Elasticsearch repository interfaces.
2023-08-02 21:30:38.510 INFO  [restartedMain] o.s.d.r.c.RepositoryConfigurationDelegate - Multiple Spring Data modules found, entering strict repository configuration mode
2023-08-02 21:30:38.511 INFO  [restartedMain] o.s.d.r.c.RepositoryConfigurationDelegate - Bootstrapping Spring Data JPA repositories in DEFAULT mode.
2023-08-02 21:30:38.521 INFO  [restartedMain] o.s.d.r.c.RepositoryConfigurationDelegate - Finished Spring Data repository scanning in 7 ms. Found 1 JPA repository interfaces.
2023-08-02 21:30:39.047 INFO  [restartedMain] o.s.b.w.e.tomcat.TomcatWebServer - Tomcat initialized with port(s): 8085 (http)
2023-08-02 21:30:39.055 INFO  [restartedMain] o.a.coyote.http11.Http11NioProtocol - Initializing ProtocolHandler ["http-nio-8085"]
2023-08-02 21:30:39.055 INFO  [restartedMain] o.a.catalina.core.StandardService - Starting service [Tomcat]
2023-08-02 21:30:39.056 INFO  [restartedMain] o.a.catalina.core.StandardEngine - Starting Servlet engine: [Apache Tomcat/10.1.7]
2023-08-02 21:30:39.124 INFO  [restartedMain] o.a.c.c.C.[Tomcat].[localhost].[/] - Initializing Spring embedded WebApplicationContext
2023-08-02 21:30:39.124 INFO  [restartedMain] o.s.b.w.s.c.ServletWebServerApplicationContext - Root WebApplicationContext: initialization completed in 1662 ms
2023-08-02 21:30:39.322 INFO  [restartedMain] o.h.jpa.internal.util.LogHelper - HHH000204: Processing PersistenceUnitInfo [name: default]
2023-08-02 21:30:39.389 INFO  [restartedMain] org.hibernate.Version - HHH000412: Hibernate ORM core version 6.1.7.Final
2023-08-02 21:30:39.660 INFO  [restartedMain] com.zaxxer.hikari.HikariDataSource - HikariPool-1 - Starting...
2023-08-02 21:30:39.789 INFO  [restartedMain] com.zaxxer.hikari.pool.HikariPool - HikariPool-1 - Added connection com.mysql.cj.jdbc.ConnectionImpl@7aeb7713
2023-08-02 21:30:39.790 INFO  [restartedMain] com.zaxxer.hikari.HikariDataSource - HikariPool-1 - Start completed.
2023-08-02 21:30:39.807 INFO  [restartedMain] SQL dialect - HHH000400: Using dialect: org.hibernate.dialect.MySQL8Dialect
2023-08-02 21:30:39.809 WARN  [restartedMain] org.hibernate.orm.deprecation - HHH90000026: MySQL8Dialect has been deprecated; use org.hibernate.dialect.MySQLDialect instead
2023-08-02 21:30:40.539 INFO  [restartedMain] o.h.e.t.j.p.i.JtaPlatformInitiator - HHH000490: Using JtaPlatform implementation: [org.hibernate.engine.transaction.jta.platform.internal.NoJtaPlatform]
2023-08-02 21:30:40.548 INFO  [restartedMain] o.s.o.j.LocalContainerEntityManagerFactoryBean - Initialized JPA EntityManagerFactory for persistence unit 'default'
2023-08-02 21:30:41.098 WARN  [restartedMain] o.s.b.a.o.j.JpaBaseConfiguration$JpaWebConfiguration - spring.jpa.open-in-view is enabled by default. Therefore, database queries may be performed during view rendering. Explicitly configure spring.jpa.open-in-view to disable this warning
2023-08-02 21:30:41.586 INFO  [restartedMain] o.s.b.d.a.OptionalLiveReloadServer - LiveReload server is running on port 35729
2023-08-02 21:30:41.671 INFO  [restartedMain] o.s.b.a.e.web.EndpointLinksResolver - Exposing 1 endpoint(s) beneath base path '/actuator'
2023-08-02 21:30:41.728 INFO  [restartedMain] o.a.coyote.http11.Http11NioProtocol - Starting ProtocolHandler ["http-nio-8085"]
2023-08-02 21:30:41.739 INFO  [restartedMain] o.s.b.w.e.tomcat.TomcatWebServer - Tomcat started on port(s): 8085 (http) with context path ''
2023-08-02 21:30:41.749 INFO  [restartedMain] c.example.carrent.CarRentApplication - Started CarRentApplication in 4.71 seconds (process running for 5.533)
2023-08-02 21:30:42.252 INFO  [RMI TCP Connection(2)-192.168.56.1] o.a.c.c.C.[Tomcat].[localhost].[/] - Initializing Spring DispatcherServlet 'dispatcherServlet'
2023-08-02 21:30:42.252 INFO  [RMI TCP Connection(2)-192.168.56.1] o.s.web.servlet.DispatcherServlet - Initializing Servlet 'dispatcherServlet'
2023-08-02 21:30:42.253 INFO  [RMI TCP Connection(2)-192.168.56.1] o.s.web.servlet.DispatcherServlet - Completed initialization in 1 ms
2023-08-02 21:32:24.600 INFO  [SpringApplicationShutdownHook] o.s.o.j.LocalContainerEntityManagerFactoryBean - Closing JPA EntityManagerFactory for persistence unit 'default'
2023-08-02 21:32:24.602 INFO  [SpringApplicationShutdownHook] com.zaxxer.hikari.HikariDataSource - HikariPool-1 - Shutdown initiated...
2023-08-02 21:32:24.608 INFO  [SpringApplicationShutdownHook] com.zaxxer.hikari.HikariDataSource - HikariPool-1 - Shutdown completed.
2023-08-02 21:32:29.497 INFO  [background-preinit] o.h.validator.internal.util.Version - HV000001: Hibernate Validator 8.0.0.Final
2023-08-02 21:32:29.559 INFO  [restartedMain] c.example.carrent.CarRentApplication - Starting CarRentApplication using Java 17.0.6 with PID 3792 (C:\Users\user\springboot3\CarRent\target\classes started by user in C:\Users\user\springboot3\CarRent)
2023-08-02 21:32:29.561 INFO  [restartedMain] c.example.carrent.CarRentApplication - No active profile set, falling back to 1 default profile: "default"
2023-08-02 21:32:29.601 WARN  [restartedMain] o.s.c.a.AnnotationTypeMapping - Support for convention-based annotation attribute overrides is deprecated and will be removed in Spring Framework 6.1. Please annotate the following attributes in @org.springframework.retry.annotation.EnableRetry with appropriate @AliasFor declarations: [proxyTargetClass]
2023-08-02 21:32:29.617 INFO  [restartedMain] o.s.b.d.e.DevToolsPropertyDefaultsPostProcessor - Devtools property defaults active! Set 'spring.devtools.add-properties' to 'false' to disable
2023-08-02 21:32:29.617 INFO  [restartedMain] o.s.b.d.e.DevToolsPropertyDefaultsPostProcessor - For additional web related logging consider setting the 'logging.level.web' property to 'DEBUG'
2023-08-02 21:32:30.578 INFO  [restartedMain] o.s.d.r.c.RepositoryConfigurationDelegate - Multiple Spring Data modules found, entering strict repository configuration mode
2023-08-02 21:32:30.580 INFO  [restartedMain] o.s.d.r.c.RepositoryConfigurationDelegate - Bootstrapping Spring Data Elasticsearch repositories in DEFAULT mode.
2023-08-02 21:32:30.628 INFO  [restartedMain] o.s.d.r.c.RepositoryConfigurationDelegate - Finished Spring Data repository scanning in 44 ms. Found 1 Elasticsearch repository interfaces.
2023-08-02 21:32:30.633 INFO  [restartedMain] o.s.d.r.c.RepositoryConfigurationDelegate - Multiple Spring Data modules found, entering strict repository configuration mode
2023-08-02 21:32:30.633 INFO  [restartedMain] o.s.d.r.c.RepositoryConfigurationDelegate - Bootstrapping Spring Data Reactive Elasticsearch repositories in DEFAULT mode.
2023-08-02 21:32:30.635 INFO  [restartedMain] o.s.d.r.c.RepositoryConfigurationDelegate - Finished Spring Data repository scanning in 2 ms. Found 0 Reactive Elasticsearch repository interfaces.
2023-08-02 21:32:30.641 INFO  [restartedMain] o.s.d.r.c.RepositoryConfigurationDelegate - Multiple Spring Data modules found, entering strict repository configuration mode
2023-08-02 21:32:30.642 INFO  [restartedMain] o.s.d.r.c.RepositoryConfigurationDelegate - Bootstrapping Spring Data JPA repositories in DEFAULT mode.
2023-08-02 21:32:30.653 INFO  [restartedMain] o.s.d.r.c.RepositoryConfigurationDelegate - Finished Spring Data repository scanning in 7 ms. Found 1 JPA repository interfaces.
2023-08-02 21:32:31.213 INFO  [restartedMain] o.s.b.w.e.tomcat.TomcatWebServer - Tomcat initialized with port(s): 8085 (http)
2023-08-02 21:32:31.221 INFO  [restartedMain] o.a.coyote.http11.Http11NioProtocol - Initializing ProtocolHandler ["http-nio-8085"]
2023-08-02 21:32:31.221 INFO  [restartedMain] o.a.catalina.core.StandardService - Starting service [Tomcat]
2023-08-02 21:32:31.222 INFO  [restartedMain] o.a.catalina.core.StandardEngine - Starting Servlet engine: [Apache Tomcat/10.1.7]
2023-08-02 21:32:31.285 INFO  [restartedMain] o.a.c.c.C.[Tomcat].[localhost].[/] - Initializing Spring embedded WebApplicationContext
2023-08-02 21:32:31.285 INFO  [restartedMain] o.s.b.w.s.c.ServletWebServerApplicationContext - Root WebApplicationContext: initialization completed in 1668 ms
2023-08-02 21:32:31.513 INFO  [restartedMain] o.h.jpa.internal.util.LogHelper - HHH000204: Processing PersistenceUnitInfo [name: default]
2023-08-02 21:32:31.571 INFO  [restartedMain] org.hibernate.Version - HHH000412: Hibernate ORM core version 6.1.7.Final
2023-08-02 21:32:31.840 INFO  [restartedMain] com.zaxxer.hikari.HikariDataSource - HikariPool-1 - Starting...
2023-08-02 21:32:31.975 INFO  [restartedMain] com.zaxxer.hikari.pool.HikariPool - HikariPool-1 - Added connection com.mysql.cj.jdbc.ConnectionImpl@39e84ade
2023-08-02 21:32:31.977 INFO  [restartedMain] com.zaxxer.hikari.HikariDataSource - HikariPool-1 - Start completed.
2023-08-02 21:32:31.992 INFO  [restartedMain] SQL dialect - HHH000400: Using dialect: org.hibernate.dialect.MySQL8Dialect
2023-08-02 21:32:31.993 WARN  [restartedMain] org.hibernate.orm.deprecation - HHH90000026: MySQL8Dialect has been deprecated; use org.hibernate.dialect.MySQLDialect instead
2023-08-02 21:32:32.712 INFO  [restartedMain] o.h.e.t.j.p.i.JtaPlatformInitiator - HHH000490: Using JtaPlatform implementation: [org.hibernate.engine.transaction.jta.platform.internal.NoJtaPlatform]
2023-08-02 21:32:32.720 INFO  [restartedMain] o.s.o.j.LocalContainerEntityManagerFactoryBean - Initialized JPA EntityManagerFactory for persistence unit 'default'
2023-08-02 21:32:33.303 WARN  [restartedMain] o.s.b.a.o.j.JpaBaseConfiguration$JpaWebConfiguration - spring.jpa.open-in-view is enabled by default. Therefore, database queries may be performed during view rendering. Explicitly configure spring.jpa.open-in-view to disable this warning
2023-08-02 21:32:33.830 INFO  [restartedMain] o.s.b.d.a.OptionalLiveReloadServer - LiveReload server is running on port 35729
2023-08-02 21:32:33.905 INFO  [restartedMain] o.s.b.a.e.web.EndpointLinksResolver - Exposing 1 endpoint(s) beneath base path '/actuator'
2023-08-02 21:32:33.966 INFO  [restartedMain] o.a.coyote.http11.Http11NioProtocol - Starting ProtocolHandler ["http-nio-8085"]
2023-08-02 21:32:33.976 INFO  [restartedMain] o.s.b.w.e.tomcat.TomcatWebServer - Tomcat started on port(s): 8085 (http) with context path ''
2023-08-02 21:32:33.988 INFO  [restartedMain] c.example.carrent.CarRentApplication - Started CarRentApplication in 4.804 seconds (process running for 5.567)
2023-08-02 21:32:34.452 INFO  [RMI TCP Connection(3)-192.168.56.1] o.a.c.c.C.[Tomcat].[localhost].[/] - Initializing Spring DispatcherServlet 'dispatcherServlet'
2023-08-02 21:32:34.452 INFO  [RMI TCP Connection(3)-192.168.56.1] o.s.web.servlet.DispatcherServlet - Initializing Servlet 'dispatcherServlet'
2023-08-02 21:32:34.454 INFO  [RMI TCP Connection(3)-192.168.56.1] o.s.web.servlet.DispatcherServlet - Completed initialization in 2 ms
2023-08-02 21:33:21.053 ERROR [http-nio-8085-exec-1] o.a.c.c.C.[.[.[.[dispatcherServlet] - Servlet.service() for servlet [dispatcherServlet] in context with path [] threw exception [Request processing failed: co.elastic.clients.json.JsonpMappingException: Error deserializing co.elastic.clients.elasticsearch.core.search.Hit: jakarta.json.JsonException: Jackson exception (JSON path: hits.hits[3]._source) (line no=1, column no=3705, offset=-1)] with root cause
com.fasterxml.jackson.databind.exc.InvalidFormatException: Cannot deserialize value of type `java.util.Date` from String "2023-08-02 21:21:13.494": not a valid representation (error: Failed to parse Date value '2023-08-02 21:21:13.494': Cannot parse date "2023-08-02 21:21:13.494": while it seems to fit format 'yyyy-MM-dd'T'HH:mm:ss.SSSX', parsing fails (leniency? null))
 at [Source: (org.apache.http.nio.entity.ContentInputStream); line: 1, column: 3680] (through reference chain: com.example.carrent.model.Notification["timestamp"])
	at com.fasterxml.jackson.databind.exc.InvalidFormatException.from(InvalidFormatException.java:67)
	at com.fasterxml.jackson.databind.DeserializationContext.weirdStringException(DeserializationContext.java:1996)
	at com.fasterxml.jackson.databind.DeserializationContext.handleWeirdStringValue(DeserializationContext.java:1224)
	at com.fasterxml.jackson.databind.deser.std.StdDeserializer._parseDate(StdDeserializer.java:1362)
	at com.fasterxml.jackson.databind.deser.std.StdDeserializer._parseDate(StdDeserializer.java:1304)
	at com.fasterxml.jackson.databind.deser.std.DateDeserializers$DateBasedDeserializer._parseDate(DateDeserializers.java:201)
	at com.fasterxml.jackson.databind.deser.std.DateDeserializers$DateDeserializer.deserialize(DateDeserializers.java:303)
	at com.fasterxml.jackson.databind.deser.std.DateDeserializers$DateDeserializer.deserialize(DateDeserializers.java:281)
	at com.fasterxml.jackson.databind.deser.impl.MethodProperty.deserializeAndSet(MethodProperty.java:129)
	at com.fasterxml.jackson.databind.deser.BeanDeserializer.vanillaDeserialize(BeanDeserializer.java:314)
	at com.fasterxml.jackson.databind.deser.BeanDeserializer.deserialize(BeanDeserializer.java:177)
	at com.fasterxml.jackson.databind.deser.DefaultDeserializationContext.readRootValue(DefaultDeserializationContext.java:323)
	at com.fasterxml.jackson.databind.ObjectMapper._readValue(ObjectMapper.java:4706)
	at com.fasterxml.jackson.databind.ObjectMapper.readValue(ObjectMapper.java:2879)
	at co.elastic.clients.json.jackson.JacksonJsonpMapper$JacksonValueParser.deserialize(JacksonJsonpMapper.java:123)
	at co.elastic.clients.json.JsonpDeserializer.deserialize(JsonpDeserializer.java:76)
	at co.elastic.clients.json.JsonpMapperBase.deserialize(JsonpMapperBase.java:70)
	at co.elastic.clients.json.JsonpDeserializer$1.deserialize(JsonpDeserializer.java:99)
	at co.elastic.clients.json.NamedDeserializer.deserialize(NamedDeserializer.java:64)
	at co.elastic.clients.json.ObjectDeserializer$FieldObjectDeserializer.deserialize(ObjectDeserializer.java:78)
	at co.elastic.clients.json.ObjectDeserializer.deserialize(ObjectDeserializer.java:192)
	at co.elastic.clients.json.ObjectDeserializer.deserialize(ObjectDeserializer.java:148)
	at co.elastic.clients.json.ObjectBuilderDeserializer.deserialize(ObjectBuilderDeserializer.java:85)
	at co.elastic.clients.json.JsonpDeserializerBase$ArrayDeserializer.deserialize(JsonpDeserializerBase.java:318)
	at co.elastic.clients.json.JsonpDeserializerBase$ArrayDeserializer.deserialize(JsonpDeserializerBase.java:280)
	at co.elastic.clients.json.JsonpDeserializer.deserialize(JsonpDeserializer.java:76)
	at co.elastic.clients.json.ObjectDeserializer$FieldObjectDeserializer.deserialize(ObjectDeserializer.java:78)
	at co.elastic.clients.json.ObjectDeserializer.deserialize(ObjectDeserializer.java:192)
	at co.elastic.clients.json.ObjectDeserializer.deserialize(ObjectDeserializer.java:148)
	at co.elastic.clients.json.JsonpDeserializer.deserialize(JsonpDeserializer.java:76)
	at co.elastic.clients.json.ObjectBuilderDeserializer.deserialize(ObjectBuilderDeserializer.java:79)
	at co.elastic.clients.json.ObjectDeserializer$FieldObjectDeserializer.deserialize(ObjectDeserializer.java:78)
	at co.elastic.clients.json.ObjectDeserializer.deserialize(ObjectDeserializer.java:192)
	at co.elastic.clients.json.ObjectDeserializer.deserialize(ObjectDeserializer.java:148)
	at co.elastic.clients.json.JsonpDeserializer.deserialize(JsonpDeserializer.java:76)
	at co.elastic.clients.json.ObjectBuilderDeserializer.deserialize(ObjectBuilderDeserializer.java:79)
	at co.elastic.clients.json.DelegatingDeserializer$SameType.deserialize(DelegatingDeserializer.java:43)
	at co.elastic.clients.json.DelegatingDeserializer$SameType.deserialize(DelegatingDeserializer.java:43)
	at co.elastic.clients.transport.endpoints.EndpointWithResponseMapperAttr$1.deserialize(EndpointWithResponseMapperAttr.java:56)
	at co.elastic.clients.transport.rest_client.RestClientTransport.decodeResponse(RestClientTransport.java:325)
	at co.elastic.clients.transport.rest_client.RestClientTransport.getHighLevelResponse(RestClientTransport.java:295)
	at co.elastic.clients.transport.rest_client.RestClientTransport.performRequest(RestClientTransport.java:148)
	at co.elastic.clients.elasticsearch.ElasticsearchClient.search(ElasticsearchClient.java:1518)
	at com.example.carrent.repository.ElasticSearchQuery.getAllNotifications(ElasticSearchQuery.java:99)
	at java.base/jdk.internal.reflect.NativeMethodAccessorImpl.invoke0(Native Method)
	at java.base/jdk.internal.reflect.NativeMethodAccessorImpl.invoke(NativeMethodAccessorImpl.java:77)
	at java.base/jdk.internal.reflect.DelegatingMethodAccessorImpl.invoke(DelegatingMethodAccessorImpl.java:43)
	at java.base/java.lang.reflect.Method.invoke(Method.java:568)
	at org.springframework.aop.support.AopUtils.invokeJoinpointUsingReflection(AopUtils.java:343)
	at org.springframework.aop.framework.ReflectiveMethodInvocation.invokeJoinpoint(ReflectiveMethodInvocation.java:196)
	at org.springframework.aop.framework.ReflectiveMethodInvocation.proceed(ReflectiveMethodInvocation.java:163)
	at org.springframework.aop.framework.CglibAopProxy$CglibMethodInvocation.proceed(CglibAopProxy.java:750)
	at org.springframework.dao.support.PersistenceExceptionTranslationInterceptor.invoke(PersistenceExceptionTranslationInterceptor.java:137)
	at org.springframework.aop.framework.ReflectiveMethodInvocation.proceed(ReflectiveMethodInvocation.java:184)
	at org.springframework.aop.framework.CglibAopProxy$CglibMethodInvocation.proceed(CglibAopProxy.java:750)
	at org.springframework.aop.framework.CglibAopProxy$DynamicAdvisedInterceptor.intercept(CglibAopProxy.java:702)
	at com.example.carrent.repository.ElasticSearchQuery$$SpringCGLIB$$0.getAllNotifications(<generated>)
	at com.example.carrent.controller.CarController.getNotifications(CarController.java:84)
	at java.base/jdk.internal.reflect.NativeMethodAccessorImpl.invoke0(Native Method)
	at java.base/jdk.internal.reflect.NativeMethodAccessorImpl.invoke(NativeMethodAccessorImpl.java:77)
	at java.base/jdk.internal.reflect.DelegatingMethodAccessorImpl.invoke(DelegatingMethodAccessorImpl.java:43)
	at java.base/java.lang.reflect.Method.invoke(Method.java:568)
	at org.springframework.web.method.support.InvocableHandlerMethod.doInvoke(InvocableHandlerMethod.java:207)
	at org.springframework.web.method.support.InvocableHandlerMethod.invokeForRequest(InvocableHandlerMethod.java:152)
	at org.springframework.web.servlet.mvc.method.annotation.ServletInvocableHandlerMethod.invokeAndHandle(ServletInvocableHandlerMethod.java:118)
	at org.springframework.web.servlet.mvc.method.annotation.RequestMappingHandlerAdapter.invokeHandlerMethod(RequestMappingHandlerAdapter.java:884)
	at org.springframework.web.servlet.mvc.method.annotation.RequestMappingHandlerAdapter.handleInternal(RequestMappingHandlerAdapter.java:797)
	at org.springframework.web.servlet.mvc.method.AbstractHandlerMethodAdapter.handle(AbstractHandlerMethodAdapter.java:87)
	at org.springframework.web.servlet.DispatcherServlet.doDispatch(DispatcherServlet.java:1081)
	at org.springframework.web.servlet.DispatcherServlet.doService(DispatcherServlet.java:974)
	at org.springframework.web.servlet.FrameworkServlet.processRequest(FrameworkServlet.java:1011)
	at org.springframework.web.servlet.FrameworkServlet.doGet(FrameworkServlet.java:903)
	at jakarta.servlet.http.HttpServlet.service(HttpServlet.java:537)
	at org.springframework.web.servlet.FrameworkServlet.service(FrameworkServlet.java:885)
	at jakarta.servlet.http.HttpServlet.service(HttpServlet.java:631)
	at org.apache.catalina.core.ApplicationFilterChain.internalDoFilter(ApplicationFilterChain.java:205)
	at org.apache.catalina.core.ApplicationFilterChain.doFilter(ApplicationFilterChain.java:149)
	at org.apache.tomcat.websocket.server.WsFilter.doFilter(WsFilter.java:53)
	at org.apache.catalina.core.ApplicationFilterChain.internalDoFilter(ApplicationFilterChain.java:174)
	at org.apache.catalina.core.ApplicationFilterChain.doFilter(ApplicationFilterChain.java:149)
	at org.springframework.web.filter.RequestContextFilter.doFilterInternal(RequestContextFilter.java:100)
	at org.springframework.web.filter.OncePerRequestFilter.doFilter(OncePerRequestFilter.java:116)
	at org.apache.catalina.core.ApplicationFilterChain.internalDoFilter(ApplicationFilterChain.java:174)
	at org.apache.catalina.core.ApplicationFilterChain.doFilter(ApplicationFilterChain.java:149)
	at org.springframework.web.filter.FormContentFilter.doFilterInternal(FormContentFilter.java:93)
	at org.springframework.web.filter.OncePerRequestFilter.doFilter(OncePerRequestFilter.java:116)
	at org.apache.catalina.core.ApplicationFilterChain.internalDoFilter(ApplicationFilterChain.java:174)
	at org.apache.catalina.core.ApplicationFilterChain.doFilter(ApplicationFilterChain.java:149)
	at org.springframework.web.filter.ServerHttpObservationFilter.doFilterInternal(ServerHttpObservationFilter.java:109)
	at org.springframework.web.filter.OncePerRequestFilter.doFilter(OncePerRequestFilter.java:116)
	at org.apache.catalina.core.ApplicationFilterChain.internalDoFilter(ApplicationFilterChain.java:174)
	at org.apache.catalina.core.ApplicationFilterChain.doFilter(ApplicationFilterChain.java:149)
	at org.springframework.web.filter.CharacterEncodingFilter.doFilterInternal(CharacterEncodingFilter.java:201)
	at org.springframework.web.filter.OncePerRequestFilter.doFilter(OncePerRequestFilter.java:116)
	at org.apache.catalina.core.ApplicationFilterChain.internalDoFilter(ApplicationFilterChain.java:174)
	at org.apache.catalina.core.ApplicationFilterChain.doFilter(ApplicationFilterChain.java:149)
	at org.apache.catalina.core.StandardWrapperValve.invoke(StandardWrapperValve.java:166)
	at org.apache.catalina.core.StandardContextValve.invoke(StandardContextValve.java:90)
	at org.apache.catalina.authenticator.AuthenticatorBase.invoke(AuthenticatorBase.java:493)
	at org.apache.catalina.core.StandardHostValve.invoke(StandardHostValve.java:115)
	at org.apache.catalina.valves.ErrorReportValve.invoke(ErrorReportValve.java:93)
	at org.apache.catalina.core.StandardEngineValve.invoke(StandardEngineValve.java:74)
	at org.apache.catalina.connector.CoyoteAdapter.service(CoyoteAdapter.java:341)
	at org.apache.coyote.http11.Http11Processor.service(Http11Processor.java:390)
	at org.apache.coyote.AbstractProcessorLight.process(AbstractProcessorLight.java:63)
	at org.apache.coyote.AbstractProtocol$ConnectionHandler.process(AbstractProtocol.java:894)
	at org.apache.tomcat.util.net.NioEndpoint$SocketProcessor.doRun(NioEndpoint.java:1741)
	at org.apache.tomcat.util.net.SocketProcessorBase.run(SocketProcessorBase.java:52)
	at org.apache.tomcat.util.threads.ThreadPoolExecutor.runWorker(ThreadPoolExecutor.java:1191)
	at org.apache.tomcat.util.threads.ThreadPoolExecutor$Worker.run(ThreadPoolExecutor.java:659)
	at org.apache.tomcat.util.threads.TaskThread$WrappingRunnable.run(TaskThread.java:61)
	at java.base/java.lang.Thread.run(Thread.java:833)
2023-08-02 21:33:40.065 INFO  [SpringApplicationShutdownHook] o.s.o.j.LocalContainerEntityManagerFactoryBean - Closing JPA EntityManagerFactory for persistence unit 'default'
2023-08-02 21:33:40.069 INFO  [SpringApplicationShutdownHook] com.zaxxer.hikari.HikariDataSource - HikariPool-1 - Shutdown initiated...
2023-08-02 21:33:40.078 INFO  [SpringApplicationShutdownHook] com.zaxxer.hikari.HikariDataSource - HikariPool-1 - Shutdown completed.
2023-08-02 21:33:44.963 INFO  [background-preinit] o.h.validator.internal.util.Version - HV000001: Hibernate Validator 8.0.0.Final
2023-08-02 21:33:45.022 INFO  [restartedMain] c.example.carrent.CarRentApplication - Starting CarRentApplication using Java 17.0.6 with PID 20096 (C:\Users\user\springboot3\CarRent\target\classes started by user in C:\Users\user\springboot3\CarRent)
2023-08-02 21:33:45.023 INFO  [restartedMain] c.example.carrent.CarRentApplication - No active profile set, falling back to 1 default profile: "default"
2023-08-02 21:33:45.066 WARN  [restartedMain] o.s.c.a.AnnotationTypeMapping - Support for convention-based annotation attribute overrides is deprecated and will be removed in Spring Framework 6.1. Please annotate the following attributes in @org.springframework.retry.annotation.EnableRetry with appropriate @AliasFor declarations: [proxyTargetClass]
2023-08-02 21:33:45.079 INFO  [restartedMain] o.s.b.d.e.DevToolsPropertyDefaultsPostProcessor - Devtools property defaults active! Set 'spring.devtools.add-properties' to 'false' to disable
2023-08-02 21:33:45.079 INFO  [restartedMain] o.s.b.d.e.DevToolsPropertyDefaultsPostProcessor - For additional web related logging consider setting the 'logging.level.web' property to 'DEBUG'
2023-08-02 21:33:46.037 INFO  [restartedMain] o.s.d.r.c.RepositoryConfigurationDelegate - Multiple Spring Data modules found, entering strict repository configuration mode
2023-08-02 21:33:46.038 INFO  [restartedMain] o.s.d.r.c.RepositoryConfigurationDelegate - Bootstrapping Spring Data Elasticsearch repositories in DEFAULT mode.
2023-08-02 21:33:46.083 INFO  [restartedMain] o.s.d.r.c.RepositoryConfigurationDelegate - Finished Spring Data repository scanning in 41 ms. Found 1 Elasticsearch repository interfaces.
2023-08-02 21:33:46.088 INFO  [restartedMain] o.s.d.r.c.RepositoryConfigurationDelegate - Multiple Spring Data modules found, entering strict repository configuration mode
2023-08-02 21:33:46.088 INFO  [restartedMain] o.s.d.r.c.RepositoryConfigurationDelegate - Bootstrapping Spring Data Reactive Elasticsearch repositories in DEFAULT mode.
2023-08-02 21:33:46.091 INFO  [restartedMain] o.s.d.r.c.RepositoryConfigurationDelegate - Finished Spring Data repository scanning in 2 ms. Found 0 Reactive Elasticsearch repository interfaces.
2023-08-02 21:33:46.101 INFO  [restartedMain] o.s.d.r.c.RepositoryConfigurationDelegate - Multiple Spring Data modules found, entering strict repository configuration mode
2023-08-02 21:33:46.102 INFO  [restartedMain] o.s.d.r.c.RepositoryConfigurationDelegate - Bootstrapping Spring Data JPA repositories in DEFAULT mode.
2023-08-02 21:33:46.111 INFO  [restartedMain] o.s.d.r.c.RepositoryConfigurationDelegate - Finished Spring Data repository scanning in 6 ms. Found 1 JPA repository interfaces.
2023-08-02 21:33:46.613 INFO  [restartedMain] o.s.b.w.e.tomcat.TomcatWebServer - Tomcat initialized with port(s): 8085 (http)
2023-08-02 21:33:46.620 INFO  [restartedMain] o.a.coyote.http11.Http11NioProtocol - Initializing ProtocolHandler ["http-nio-8085"]
2023-08-02 21:33:46.621 INFO  [restartedMain] o.a.catalina.core.StandardService - Starting service [Tomcat]
2023-08-02 21:33:46.621 INFO  [restartedMain] o.a.catalina.core.StandardEngine - Starting Servlet engine: [Apache Tomcat/10.1.7]
2023-08-02 21:33:46.683 INFO  [restartedMain] o.a.c.c.C.[Tomcat].[localhost].[/] - Initializing Spring embedded WebApplicationContext
2023-08-02 21:33:46.683 INFO  [restartedMain] o.s.b.w.s.c.ServletWebServerApplicationContext - Root WebApplicationContext: initialization completed in 1604 ms
2023-08-02 21:33:46.882 INFO  [restartedMain] o.h.jpa.internal.util.LogHelper - HHH000204: Processing PersistenceUnitInfo [name: default]
2023-08-02 21:33:46.932 INFO  [restartedMain] org.hibernate.Version - HHH000412: Hibernate ORM core version 6.1.7.Final
2023-08-02 21:33:47.207 INFO  [restartedMain] com.zaxxer.hikari.HikariDataSource - HikariPool-1 - Starting...
2023-08-02 21:33:47.337 INFO  [restartedMain] com.zaxxer.hikari.pool.HikariPool - HikariPool-1 - Added connection com.mysql.cj.jdbc.ConnectionImpl@6b5aabb0
2023-08-02 21:33:47.338 INFO  [restartedMain] com.zaxxer.hikari.HikariDataSource - HikariPool-1 - Start completed.
2023-08-02 21:33:47.354 INFO  [restartedMain] SQL dialect - HHH000400: Using dialect: org.hibernate.dialect.MySQL8Dialect
2023-08-02 21:33:47.355 WARN  [restartedMain] org.hibernate.orm.deprecation - HHH90000026: MySQL8Dialect has been deprecated; use org.hibernate.dialect.MySQLDialect instead
2023-08-02 21:33:48.092 INFO  [restartedMain] o.h.e.t.j.p.i.JtaPlatformInitiator - HHH000490: Using JtaPlatform implementation: [org.hibernate.engine.transaction.jta.platform.internal.NoJtaPlatform]
2023-08-02 21:33:48.101 INFO  [restartedMain] o.s.o.j.LocalContainerEntityManagerFactoryBean - Initialized JPA EntityManagerFactory for persistence unit 'default'
2023-08-02 21:33:48.670 WARN  [restartedMain] o.s.b.a.o.j.JpaBaseConfiguration$JpaWebConfiguration - spring.jpa.open-in-view is enabled by default. Therefore, database queries may be performed during view rendering. Explicitly configure spring.jpa.open-in-view to disable this warning
2023-08-02 21:33:49.147 INFO  [restartedMain] o.s.b.d.a.OptionalLiveReloadServer - LiveReload server is running on port 35729
2023-08-02 21:33:49.235 INFO  [restartedMain] o.s.b.a.e.web.EndpointLinksResolver - Exposing 1 endpoint(s) beneath base path '/actuator'
2023-08-02 21:33:49.294 INFO  [restartedMain] o.a.coyote.http11.Http11NioProtocol - Starting ProtocolHandler ["http-nio-8085"]
2023-08-02 21:33:49.303 INFO  [restartedMain] o.s.b.w.e.tomcat.TomcatWebServer - Tomcat started on port(s): 8085 (http) with context path ''
2023-08-02 21:33:49.316 INFO  [restartedMain] c.example.carrent.CarRentApplication - Started CarRentApplication in 4.672 seconds (process running for 5.462)
2023-08-02 21:33:49.845 INFO  [RMI TCP Connection(2)-192.168.56.1] o.a.c.c.C.[Tomcat].[localhost].[/] - Initializing Spring DispatcherServlet 'dispatcherServlet'
2023-08-02 21:33:49.845 INFO  [RMI TCP Connection(2)-192.168.56.1] o.s.web.servlet.DispatcherServlet - Initializing Servlet 'dispatcherServlet'
2023-08-02 21:33:49.846 INFO  [RMI TCP Connection(2)-192.168.56.1] o.s.web.servlet.DispatcherServlet - Completed initialization in 1 ms
2023-08-02 21:42:33.485 INFO  [SpringApplicationShutdownHook] o.s.o.j.LocalContainerEntityManagerFactoryBean - Closing JPA EntityManagerFactory for persistence unit 'default'
2023-08-02 21:42:33.488 INFO  [SpringApplicationShutdownHook] com.zaxxer.hikari.HikariDataSource - HikariPool-1 - Shutdown initiated...
2023-08-02 21:42:33.494 INFO  [SpringApplicationShutdownHook] com.zaxxer.hikari.HikariDataSource - HikariPool-1 - Shutdown completed.
2023-08-02 21:42:42.385 INFO  [background-preinit] o.h.validator.internal.util.Version - HV000001: Hibernate Validator 8.0.0.Final
2023-08-02 21:42:42.440 INFO  [restartedMain] c.example.carrent.CarRentApplication - Starting CarRentApplication using Java 17.0.6 with PID 14612 (C:\Users\user\springboot3\CarRent\target\classes started by user in C:\Users\user\springboot3\CarRent)
2023-08-02 21:42:42.441 INFO  [restartedMain] c.example.carrent.CarRentApplication - No active profile set, falling back to 1 default profile: "default"
2023-08-02 21:42:42.486 WARN  [restartedMain] o.s.c.a.AnnotationTypeMapping - Support for convention-based annotation attribute overrides is deprecated and will be removed in Spring Framework 6.1. Please annotate the following attributes in @org.springframework.retry.annotation.EnableRetry with appropriate @AliasFor declarations: [proxyTargetClass]
2023-08-02 21:42:42.500 INFO  [restartedMain] o.s.b.d.e.DevToolsPropertyDefaultsPostProcessor - Devtools property defaults active! Set 'spring.devtools.add-properties' to 'false' to disable
2023-08-02 21:42:42.501 INFO  [restartedMain] o.s.b.d.e.DevToolsPropertyDefaultsPostProcessor - For additional web related logging consider setting the 'logging.level.web' property to 'DEBUG'
2023-08-02 21:42:43.483 INFO  [restartedMain] o.s.d.r.c.RepositoryConfigurationDelegate - Multiple Spring Data modules found, entering strict repository configuration mode
2023-08-02 21:42:43.485 INFO  [restartedMain] o.s.d.r.c.RepositoryConfigurationDelegate - Bootstrapping Spring Data Elasticsearch repositories in DEFAULT mode.
2023-08-02 21:42:43.532 INFO  [restartedMain] o.s.d.r.c.RepositoryConfigurationDelegate - Finished Spring Data repository scanning in 43 ms. Found 1 Elasticsearch repository interfaces.
2023-08-02 21:42:43.537 INFO  [restartedMain] o.s.d.r.c.RepositoryConfigurationDelegate - Multiple Spring Data modules found, entering strict repository configuration mode
2023-08-02 21:42:43.537 INFO  [restartedMain] o.s.d.r.c.RepositoryConfigurationDelegate - Bootstrapping Spring Data Reactive Elasticsearch repositories in DEFAULT mode.
2023-08-02 21:42:43.539 INFO  [restartedMain] o.s.d.r.c.RepositoryConfigurationDelegate - Finished Spring Data repository scanning in 2 ms. Found 0 Reactive Elasticsearch repository interfaces.
2023-08-02 21:42:43.547 INFO  [restartedMain] o.s.d.r.c.RepositoryConfigurationDelegate - Multiple Spring Data modules found, entering strict repository configuration mode
2023-08-02 21:42:43.548 INFO  [restartedMain] o.s.d.r.c.RepositoryConfigurationDelegate - Bootstrapping Spring Data JPA repositories in DEFAULT mode.
2023-08-02 21:42:43.558 INFO  [restartedMain] o.s.d.r.c.RepositoryConfigurationDelegate - Finished Spring Data repository scanning in 7 ms. Found 1 JPA repository interfaces.
2023-08-02 21:42:44.102 INFO  [restartedMain] o.s.b.w.e.tomcat.TomcatWebServer - Tomcat initialized with port(s): 8085 (http)
2023-08-02 21:42:44.109 INFO  [restartedMain] o.a.coyote.http11.Http11NioProtocol - Initializing ProtocolHandler ["http-nio-8085"]
2023-08-02 21:42:44.110 INFO  [restartedMain] o.a.catalina.core.StandardService - Starting service [Tomcat]
2023-08-02 21:42:44.110 INFO  [restartedMain] o.a.catalina.core.StandardEngine - Starting Servlet engine: [Apache Tomcat/10.1.7]
2023-08-02 21:42:44.171 INFO  [restartedMain] o.a.c.c.C.[Tomcat].[localhost].[/] - Initializing Spring embedded WebApplicationContext
2023-08-02 21:42:44.171 INFO  [restartedMain] o.s.b.w.s.c.ServletWebServerApplicationContext - Root WebApplicationContext: initialization completed in 1670 ms
2023-08-02 21:42:44.374 INFO  [restartedMain] o.h.jpa.internal.util.LogHelper - HHH000204: Processing PersistenceUnitInfo [name: default]
2023-08-02 21:42:44.414 INFO  [restartedMain] org.hibernate.Version - HHH000412: Hibernate ORM core version 6.1.7.Final
2023-08-02 21:42:44.661 INFO  [restartedMain] com.zaxxer.hikari.HikariDataSource - HikariPool-1 - Starting...
2023-08-02 21:42:44.794 INFO  [restartedMain] com.zaxxer.hikari.pool.HikariPool - HikariPool-1 - Added connection com.mysql.cj.jdbc.ConnectionImpl@4635b44f
2023-08-02 21:42:44.795 INFO  [restartedMain] com.zaxxer.hikari.HikariDataSource - HikariPool-1 - Start completed.
2023-08-02 21:42:44.810 INFO  [restartedMain] SQL dialect - HHH000400: Using dialect: org.hibernate.dialect.MySQL8Dialect
2023-08-02 21:42:44.811 WARN  [restartedMain] org.hibernate.orm.deprecation - HHH90000026: MySQL8Dialect has been deprecated; use org.hibernate.dialect.MySQLDialect instead
2023-08-02 21:42:45.547 INFO  [restartedMain] o.h.e.t.j.p.i.JtaPlatformInitiator - HHH000490: Using JtaPlatform implementation: [org.hibernate.engine.transaction.jta.platform.internal.NoJtaPlatform]
2023-08-02 21:42:45.555 INFO  [restartedMain] o.s.o.j.LocalContainerEntityManagerFactoryBean - Initialized JPA EntityManagerFactory for persistence unit 'default'
2023-08-02 21:42:46.095 WARN  [restartedMain] o.s.b.a.o.j.JpaBaseConfiguration$JpaWebConfiguration - spring.jpa.open-in-view is enabled by default. Therefore, database queries may be performed during view rendering. Explicitly configure spring.jpa.open-in-view to disable this warning
2023-08-02 21:42:46.566 INFO  [restartedMain] o.s.b.d.a.OptionalLiveReloadServer - LiveReload server is running on port 35729
2023-08-02 21:42:46.640 INFO  [restartedMain] o.s.b.a.e.web.EndpointLinksResolver - Exposing 1 endpoint(s) beneath base path '/actuator'
2023-08-02 21:42:46.702 INFO  [restartedMain] o.a.coyote.http11.Http11NioProtocol - Starting ProtocolHandler ["http-nio-8085"]
2023-08-02 21:42:46.711 INFO  [restartedMain] o.s.b.w.e.tomcat.TomcatWebServer - Tomcat started on port(s): 8085 (http) with context path ''
2023-08-02 21:42:46.722 INFO  [restartedMain] c.example.carrent.CarRentApplication - Started CarRentApplication in 4.66 seconds (process running for 5.477)
2023-08-02 21:42:47.332 INFO  [RMI TCP Connection(1)-192.168.56.1] o.a.c.c.C.[Tomcat].[localhost].[/] - Initializing Spring DispatcherServlet 'dispatcherServlet'
2023-08-02 21:42:47.332 INFO  [RMI TCP Connection(1)-192.168.56.1] o.s.web.servlet.DispatcherServlet - Initializing Servlet 'dispatcherServlet'
2023-08-02 21:42:47.333 INFO  [RMI TCP Connection(1)-192.168.56.1] o.s.web.servlet.DispatcherServlet - Completed initialization in 1 ms
2023-08-02 21:51:48.053 INFO  [http-nio-8085-exec-4] c.example.carrent.CarRentApplication - Notification: Car #852 added successfully
2023-08-02 22:20:26.609 INFO  [SpringApplicationShutdownHook] o.s.o.j.LocalContainerEntityManagerFactoryBean - Closing JPA EntityManagerFactory for persistence unit 'default'
2023-08-02 22:20:26.612 INFO  [SpringApplicationShutdownHook] com.zaxxer.hikari.HikariDataSource - HikariPool-1 - Shutdown initiated...
2023-08-02 22:20:26.614 INFO  [SpringApplicationShutdownHook] com.zaxxer.hikari.HikariDataSource - HikariPool-1 - Shutdown completed.
